INFO  2025-09-16 14:11:47,708 serena.cli:health_check:551 - Starting health check for project: /ai/prj/techsapo
INFO  2025-09-16 14:11:47,708 serena.cli:health_check:555 - Creating SerenaAgent with disabled dashboard...
INFO  2025-09-16 14:11:47,718 serena.agent:__init__:204 - Starting Serena server (version=0.1.4-ae771646-dirty, process id=194616, parent process id=194112)
INFO  2025-09-16 14:11:47,718 serena.agent:__init__:205 - Configuration file: None
INFO  2025-09-16 14:11:47,718 serena.agent:__init__:206 - Available projects: 
INFO  2025-09-16 14:11:47,718 serena.agent:__init__:207 - Loaded tools (36): read_file, create_text_file, list_dir, find_file, replace_regex, delete_lines, replace_lines, insert_at_line, search_for_pattern, restart_language_server, get_symbols_overview, find_symbol, find_referencing_symbols, replace_symbol_body, insert_after_symbol, insert_before_symbol, write_memory, read_memory, list_memories, delete_memory, execute_shell_command, activate_project, remove_project, switch_modes, get_current_config, check_onboarding_performed, onboarding, think_about_collected_information, think_about_task_adherence, think_about_whether_you_are_done, summarize_changes, prepare_for_new_conversation, initial_instructions, jet_brains_find_symbol, jet_brains_find_referencing_symbols, jet_brains_get_symbols_overview
INFO  2025-09-16 14:11:47,718 serena.config.serena_config:apply:106 - SerenaAgentContext[name='desktop-app'] included 1 tools: switch_modes
INFO  2025-09-16 14:11:47,719 serena.agent:__init__:221 - Number of exposed tools: 26
INFO  2025-09-16 14:11:47,732 serena.agent:_update_active_tools:401 - Active tools (26): activate_project, check_onboarding_performed, create_text_file, delete_memory, execute_shell_command, find_file, find_referencing_symbols, find_symbol, get_current_config, get_symbols_overview, insert_after_symbol, insert_before_symbol, list_dir, list_memories, onboarding, prepare_for_new_conversation, read_file, read_memory, replace_regex, replace_symbol_body, search_for_pattern, switch_modes, think_about_collected_information, think_about_task_adherence, think_about_whether_you_are_done, write_memory
INFO  2025-09-16 14:11:47,733 serena.util.file_system:start:329 - Loading of .gitignore files starting ...
INFO  2025-09-16 14:11:47,733 serena.util.file_system:_load_gitignore_files:143 - Processing .gitignore file: /ai/prj/techsapo/.gitignore
INFO  2025-09-16 14:11:47,735 serena.util.file_system:_load_gitignore_files:143 - Processing .gitignore file: /ai/prj/techsapo/.serena/.gitignore
INFO  2025-09-16 14:11:47,738 serena.util.file_system:stop:336 - Loading of .gitignore files completed in 0.005 seconds
INFO  2025-09-16 14:11:47,739 serena.agent:load_project_from_path_or_name:476 - Added new project techsapo for path /ai/prj/techsapo
INFO  2025-09-16 14:11:47,739 serena.agent:_activate_project:441 - Activating techsapo at /ai/prj/techsapo
INFO  2025-09-16 14:11:47,739 serena.agent:_update_active_tools:401 - Active tools (26): activate_project, check_onboarding_performed, create_text_file, delete_memory, execute_shell_command, find_file, find_referencing_symbols, find_symbol, get_current_config, get_symbols_overview, insert_after_symbol, insert_before_symbol, list_dir, list_memories, onboarding, prepare_for_new_conversation, read_file, read_memory, replace_regex, replace_symbol_body, search_for_pattern, switch_modes, think_about_collected_information, think_about_task_adherence, think_about_whether_you_are_done, write_memory
INFO  2025-09-16 14:11:47,739 serena.agent:issue_task:420 - Scheduling Task-1[init_language_server]
INFO  2025-09-16 14:11:47,739 serena.agent:start:329 - Task-1[init_language_server] starting ...
INFO  2025-09-16 14:11:47,739 serena.cli:health_check:558 - SerenaAgent created successfully
INFO  2025-09-16 14:11:47,739 serena.agent:start:329 - Language server initialization starting ...
INFO  2025-09-16 14:11:47,739 serena.cli:health_check:561 - Searching for analyzable files...
INFO  2025-09-16 14:11:47,739 serena.project:create_language_server:303 - Creating language server instance for /ai/prj/techsapo.
INFO  2025-09-16 14:11:47,795 serena.cli:health_check:570 - Found analyzable file: test-2025-reasoning-models.mjs
INFO  2025-09-16 14:11:47,795 serena.cli:health_check:588 - Testing GetSymbolsOverviewTool on file: test-2025-reasoning-models.mjs
INFO  2025-09-16 14:11:47,796 serena.agent:issue_task:420 - Scheduling Task-2[<lambda>]
INFO  2025-09-16 14:11:47,826 serena.agent:reset_language_server:594 - Starting the language server for techsapo
INFO  2025-09-16 14:11:47,826 solidlsp:start:1599 - Starting language server with language typescript for /ai/prj/techsapo
INFO  2025-09-16 14:11:47,826 solidlsp:_start_server:224 - Starting TypeScript server process
INFO  2025-09-16 14:11:47,826 solidlsp.ls_handler:start:189 - Starting language server process via command: ['/home/wombat/.serena/language_servers/static/TypeScriptLanguageServer/ts-lsp/node_modules/.bin/typescript-language-server', '--stdio']
INFO  2025-09-16 14:11:47,827 solidlsp:_start_server:228 - Sending initialize request from LSP client to LSP server and awaiting response
INFO  2025-09-16 14:11:47,911 solidlsp:window_log_message:207 - LSP: window/logMessage: {"type": 3, "message": "Using Typescript version (workspace) 5.9.2 from path "/ai/prj/techsapo/node_modules/typescript/lib/tsserver.js""}
INFO  2025-09-16 14:11:48,912 solidlsp:_start_server:246 - Timeout waiting for TypeScript server to become ready, proceeding anyway
INFO  2025-09-16 14:11:48,912 serena.agent:stop:336 - Language server initialization completed in 1.173 seconds
INFO  2025-09-16 14:11:48,912 serena.agent:stop:336 - Task-1[init_language_server] completed in 1.173 seconds
INFO  2025-09-16 14:11:48,912 serena.agent:start:329 - Task-2[<lambda>] starting ...
INFO  2025-09-16 14:11:49,331 serena.agent:stop:336 - Task-2[<lambda>] completed in 0.419 seconds
INFO  2025-09-16 14:11:49,332 serena.cli:health_check:591 - GetSymbolsOverviewTool returned 3 symbols
INFO  2025-09-16 14:11:49,332 serena.cli:health_check:616 - Using symbol for testing: catch() callback (kind: 12)
INFO  2025-09-16 14:11:49,332 serena.cli:health_check:619 - Testing FindSymbolTool for symbol: catch() callback
INFO  2025-09-16 14:11:49,332 serena.agent:issue_task:420 - Scheduling Task-3[<lambda>]
INFO  2025-09-16 14:11:49,333 serena.agent:start:329 - Task-3[<lambda>] starting ...
INFO  2025-09-16 14:11:49,361 serena.agent:stop:336 - Task-3[<lambda>] completed in 0.028 seconds
INFO  2025-09-16 14:11:49,361 serena.cli:health_check:624 - FindSymbolTool found 1 matches for symbol catch() callback
INFO  2025-09-16 14:11:49,361 serena.cli:health_check:627 - Testing FindReferencingSymbolsTool for symbol: catch() callback
INFO  2025-09-16 14:11:49,361 serena.agent:issue_task:420 - Scheduling Task-4[<lambda>]
INFO  2025-09-16 14:11:49,394 serena.agent:start:329 - Task-4[<lambda>] starting ...
INFO  2025-09-16 14:11:51,064 serena.agent:stop:336 - Task-4[<lambda>] completed in 1.670 seconds
INFO  2025-09-16 14:11:51,064 serena.cli:health_check:631 - FindReferencingSymbolsTool found 1 references for symbol catch() callback
INFO  2025-09-16 14:11:51,064 serena.cli:health_check:637 - Testing SearchForPatternTool for pattern: catch() callback
INFO  2025-09-16 14:11:51,064 serena.agent:issue_task:420 - Scheduling Task-5[<lambda>]
INFO  2025-09-16 14:11:51,064 serena.agent:start:329 - Task-5[<lambda>] starting ...
INFO  2025-09-16 14:11:51,092 serena.text_utils:search_files:326 - Processing 330 files.
INFO  2025-09-16 14:11:51,136 serena.text_utils:search_files:367 - Found 0 total matches across 330 files
INFO  2025-09-16 14:11:51,137 serena.agent:stop:336 - Task-5[<lambda>] completed in 0.073 seconds
INFO  2025-09-16 14:11:51,137 serena.cli:health_check:644 - SearchForPatternTool found 0 pattern matches for catch() callback
INFO  2025-09-16 14:11:51,137 serena.cli:health_check:658 - Health check completed successfully
