{"hasErrorOutput":true,"hasPrompt":false,"level":"info","message":"IT Unified Support Request","requestType":"log_analysis","service":"techsapo-it-unified","systemContext":"Database server","timestamp":"2025-08-27T06:41:54.421Z"}
{"hasLogAnalysis":true,"hasTechnicalSupport":false,"level":"info","message":"IT Unified Support completed","processingTimeMs":4,"requestType":"log_analysis","service":"techsapo-it-unified","timestamp":"2025-08-27T06:41:54.425Z"}
{"hasErrorOutput":false,"hasPrompt":true,"level":"info","message":"IT Unified Support Request","requestType":"technical_support","service":"techsapo-it-unified","systemContext":"Production cluster","taskType":"premium","timestamp":"2025-08-27T06:42:05.259Z"}
{"hasLogAnalysis":false,"hasTechnicalSupport":true,"level":"info","message":"IT Unified Support completed","processingTimeMs":2,"requestType":"technical_support","service":"techsapo-it-unified","timestamp":"2025-08-27T06:42:05.261Z"}
{"hasErrorOutput":true,"hasPrompt":false,"level":"info","message":"IT Unified Support Request","requestType":"auto_detect","service":"techsapo-it-unified","timestamp":"2025-08-27T06:42:13.221Z"}
{"hasLogAnalysis":true,"hasTechnicalSupport":false,"level":"info","message":"IT Unified Support completed","processingTimeMs":2,"requestType":"log_analysis","service":"techsapo-it-unified","timestamp":"2025-08-27T06:42:13.223Z"}
{"hasErrorOutput":true,"hasPrompt":false,"level":"info","message":"IT Unified Support Request","requestType":"log_analysis","service":"techsapo-it-unified","systemContext":"Web server Apache startup failure","timestamp":"2025-08-27T06:49:34.362Z"}
{"hasLogAnalysis":true,"hasTechnicalSupport":false,"level":"info","message":"IT Unified Support completed","processingTimeMs":1,"requestType":"log_analysis","service":"techsapo-it-unified","timestamp":"2025-08-27T06:49:34.363Z"}
{"hasErrorOutput":true,"hasPrompt":false,"level":"info","message":"IT Unified Support Request","requestType":"log_analysis","service":"techsapo-it-unified","systemContext":"Web server nginx SECCOMP failure","timestamp":"2025-08-27T06:49:46.719Z"}
{"hasLogAnalysis":true,"hasTechnicalSupport":false,"level":"info","message":"IT Unified Support completed","processingTimeMs":1,"requestType":"log_analysis","service":"techsapo-it-unified","timestamp":"2025-08-27T06:49:46.720Z"}
{"hasErrorOutput":true,"hasPrompt":false,"level":"info","message":"IT Unified Support Request","requestType":"log_analysis","service":"techsapo-it-unified","systemContext":"Database authentication failure","timestamp":"2025-08-27T06:50:16.261Z"}
{"hasLogAnalysis":true,"hasTechnicalSupport":false,"level":"info","message":"IT Unified Support completed","processingTimeMs":2,"requestType":"log_analysis","service":"techsapo-it-unified","timestamp":"2025-08-27T06:50:16.263Z"}
{"hasErrorOutput":true,"hasPrompt":false,"level":"info","message":"IT Unified Support Request","requestType":"log_analysis","service":"techsapo-it-unified","systemContext":"Web server Apache startup failure","timestamp":"2025-08-27T06:56:05.210Z"}
{"hasLogAnalysis":true,"hasTechnicalSupport":false,"level":"info","message":"IT Unified Support completed","processingTimeMs":1,"requestType":"log_analysis","service":"techsapo-it-unified","timestamp":"2025-08-27T06:56:05.211Z"}
{"hasErrorOutput":true,"hasPrompt":false,"level":"info","message":"IT Unified Support Request","requestType":"log_analysis","service":"techsapo-it-unified","systemContext":"Web server Apache startup failure","timestamp":"2025-08-27T06:57:26.617Z"}
{"hasLogAnalysis":true,"hasTechnicalSupport":false,"level":"info","message":"IT Unified Support completed","processingTimeMs":4,"requestType":"log_analysis","service":"techsapo-it-unified","timestamp":"2025-08-27T06:57:26.621Z"}
{"hasErrorOutput":true,"hasPrompt":false,"level":"info","message":"IT Unified Support Request","requestType":"log_analysis","service":"techsapo-it-unified","systemContext":"Web server nginx SECCOMP failure","timestamp":"2025-08-27T06:57:37.775Z"}
{"hasLogAnalysis":true,"hasTechnicalSupport":false,"level":"info","message":"IT Unified Support completed","processingTimeMs":2,"requestType":"log_analysis","service":"techsapo-it-unified","timestamp":"2025-08-27T06:57:37.777Z"}
{"hasErrorOutput":true,"hasPrompt":false,"level":"info","message":"IT Unified Support Request","requestType":"log_analysis","service":"techsapo-it-unified","systemContext":"Database authentication failure","timestamp":"2025-08-27T06:59:40.424Z"}
{"hasLogAnalysis":true,"hasTechnicalSupport":false,"level":"info","message":"IT Unified Support completed","processingTimeMs":2,"requestType":"log_analysis","service":"techsapo-it-unified","timestamp":"2025-08-27T06:59:40.425Z"}
{"hasErrorOutput":true,"hasPrompt":false,"level":"info","message":"IT Unified Support Request","requestType":"log_analysis","service":"techsapo-it-unified","systemContext":"Web server Apache startup failure","timestamp":"2025-08-27T07:16:40.772Z"}
{"hasLogAnalysis":true,"hasTechnicalSupport":false,"level":"info","message":"IT Unified Support completed","processingTimeMs":2,"requestType":"log_analysis","service":"techsapo-it-unified","timestamp":"2025-08-27T07:16:40.774Z"}
{"hasErrorOutput":true,"hasPrompt":false,"level":"info","message":"IT Unified Support Request","requestType":"log_analysis","service":"techsapo-it-unified","systemContext":"Database cluster startup","timestamp":"2025-08-27T07:16:51.007Z"}
{"hasLogAnalysis":true,"hasTechnicalSupport":false,"level":"info","message":"IT Unified Support completed","processingTimeMs":1,"requestType":"log_analysis","service":"techsapo-it-unified","timestamp":"2025-08-27T07:16:51.008Z"}
{"hasErrorOutput":true,"hasPrompt":false,"level":"info","message":"IT Unified Support Request","requestType":"log_analysis","service":"techsapo-it-unified","systemContext":"Container runtime failure","timestamp":"2025-08-27T07:18:48.791Z"}
{"hasLogAnalysis":true,"hasTechnicalSupport":false,"level":"info","message":"IT Unified Support completed","processingTimeMs":1,"requestType":"log_analysis","service":"techsapo-it-unified","timestamp":"2025-08-27T07:18:48.792Z"}
{"hasErrorOutput":true,"hasPrompt":false,"level":"info","message":"IT Unified Support Request","requestType":"log_analysis","service":"techsapo-it-unified","systemContext":"Remote access service failure","timestamp":"2025-08-27T07:18:59.962Z"}
{"hasLogAnalysis":true,"hasTechnicalSupport":false,"level":"info","message":"IT Unified Support completed","processingTimeMs":1,"requestType":"log_analysis","service":"techsapo-it-unified","timestamp":"2025-08-27T07:18:59.963Z"}
{"hasErrorOutput":true,"hasPrompt":false,"level":"info","message":"IT Unified Support Request","requestType":"log_analysis","service":"techsapo-it-unified","systemContext":"Cache server failure","timestamp":"2025-08-27T07:19:25.364Z"}
{"hasLogAnalysis":true,"hasTechnicalSupport":false,"level":"info","message":"IT Unified Support completed","processingTimeMs":1,"requestType":"log_analysis","service":"techsapo-it-unified","timestamp":"2025-08-27T07:19:25.365Z"}
{"hasErrorOutput":true,"hasPrompt":false,"level":"info","message":"IT Unified Support Request","requestType":"log_analysis","service":"techsapo-it-unified","systemContext":"Search engine cluster startup","timestamp":"2025-08-27T07:19:37.109Z"}
{"hasLogAnalysis":true,"hasTechnicalSupport":false,"level":"info","message":"IT Unified Support completed","processingTimeMs":1,"requestType":"log_analysis","service":"techsapo-it-unified","timestamp":"2025-08-27T07:19:37.110Z"}
{"hasErrorOutput":true,"hasPrompt":false,"level":"info","message":"IT Unified Support Request","requestType":"log_analysis","service":"techsapo-it-unified","systemContext":"Load balancer startup failure","timestamp":"2025-08-27T07:19:49.746Z"}
{"hasLogAnalysis":true,"hasTechnicalSupport":false,"level":"info","message":"IT Unified Support completed","processingTimeMs":1,"requestType":"log_analysis","service":"techsapo-it-unified","timestamp":"2025-08-27T07:19:49.747Z"}
{"hasErrorOutput":true,"hasPrompt":false,"level":"info","message":"IT Unified Support Request","requestType":"log_analysis","service":"techsapo-it-unified","systemContext":"Load balancer startup failure","timestamp":"2025-08-27T07:22:16.015Z"}
{"hasLogAnalysis":true,"hasTechnicalSupport":false,"level":"info","message":"IT Unified Support completed","processingTimeMs":5,"requestType":"log_analysis","service":"techsapo-it-unified","timestamp":"2025-08-27T07:22:16.020Z"}
{"hasErrorOutput":true,"hasPrompt":false,"level":"info","message":"IT Unified Support Request","requestType":"log_analysis","service":"techsapo-it-unified","systemContext":"Load balancer startup failure","timestamp":"2025-08-27T07:30:44.044Z"}
{"hasLogAnalysis":true,"hasTechnicalSupport":false,"level":"info","message":"IT Unified Support completed","processingTimeMs":6,"requestType":"log_analysis","service":"techsapo-it-unified","timestamp":"2025-08-27T07:30:44.050Z"}
{"hasErrorOutput":true,"hasPrompt":false,"level":"info","message":"IT Unified Support Request","requestType":"log_analysis","service":"techsapo-it-unified","systemContext":"Load balancer startup failure","timestamp":"2025-08-27T07:32:44.320Z"}
{"hasLogAnalysis":true,"hasTechnicalSupport":false,"level":"info","message":"IT Unified Support completed","processingTimeMs":5,"requestType":"log_analysis","service":"techsapo-it-unified","timestamp":"2025-08-27T07:32:44.326Z"}
{"hasErrorOutput":true,"hasPrompt":false,"level":"info","message":"IT Unified Support Request","requestType":"log_analysis","service":"techsapo-it-unified","systemContext":"Load balancer startup failure","timestamp":"2025-08-27T07:34:14.350Z"}
{"hasLogAnalysis":true,"hasTechnicalSupport":false,"level":"info","message":"IT Unified Support completed","processingTimeMs":6,"requestType":"log_analysis","service":"techsapo-it-unified","timestamp":"2025-08-27T07:34:14.356Z"}
{"hasErrorOutput":true,"hasPrompt":false,"level":"info","message":"IT Unified Support Request","requestType":"log_analysis","service":"techsapo-it-unified","systemContext":"Load balancer startup failure","timestamp":"2025-08-27T07:35:27.501Z"}
{"hasLogAnalysis":true,"hasTechnicalSupport":false,"level":"info","message":"IT Unified Support completed","processingTimeMs":8,"requestType":"log_analysis","service":"techsapo-it-unified","timestamp":"2025-08-27T07:35:27.509Z"}
{"hasErrorOutput":true,"hasPrompt":false,"level":"info","message":"IT Unified Support Request","requestType":"log_analysis","service":"techsapo-it-unified","systemContext":"Remote access service failure","timestamp":"2025-08-27T07:36:10.529Z"}
{"hasLogAnalysis":true,"hasTechnicalSupport":false,"level":"info","message":"IT Unified Support completed","processingTimeMs":2,"requestType":"log_analysis","service":"techsapo-it-unified","timestamp":"2025-08-27T07:36:10.531Z"}
{"hasErrorOutput":true,"hasPrompt":false,"level":"info","message":"IT Unified Support Request","requestType":"log_analysis","service":"techsapo-it-unified","systemContext":"Cache server failure","timestamp":"2025-08-27T07:36:33.398Z"}
{"hasLogAnalysis":true,"hasTechnicalSupport":false,"level":"info","message":"IT Unified Support completed","processingTimeMs":2,"requestType":"log_analysis","service":"techsapo-it-unified","timestamp":"2025-08-27T07:36:33.400Z"}
{"hasErrorOutput":true,"hasPrompt":false,"level":"info","message":"IT Unified Support Request","requestType":"log_analysis","service":"techsapo-it-unified","systemContext":"Search engine cluster startup","timestamp":"2025-08-27T07:37:06.353Z"}
{"hasLogAnalysis":true,"hasTechnicalSupport":false,"level":"info","message":"IT Unified Support completed","processingTimeMs":1,"requestType":"log_analysis","service":"techsapo-it-unified","timestamp":"2025-08-27T07:37:06.354Z"}
{"hasErrorOutput":true,"hasPrompt":false,"level":"info","message":"IT Unified Support Request","requestType":"log_analysis","service":"techsapo-it-unified","systemContext":"Load balancer startup failure","timestamp":"2025-08-27T07:39:21.788Z"}
{"hasLogAnalysis":true,"hasTechnicalSupport":false,"level":"info","message":"IT Unified Support completed","processingTimeMs":7,"requestType":"log_analysis","service":"techsapo-it-unified","timestamp":"2025-08-27T07:39:21.795Z"}
{"hasErrorOutput":true,"hasPrompt":false,"level":"info","message":"IT Unified Support Request","requestType":"log_analysis","service":"techsapo-it-unified","systemContext":"Web server with non-standard port configuration under strict SELinux","timestamp":"2025-08-27T07:42:03.390Z"}
{"hasLogAnalysis":true,"hasTechnicalSupport":false,"level":"info","message":"IT Unified Support completed","processingTimeMs":2,"requestType":"log_analysis","service":"techsapo-it-unified","timestamp":"2025-08-27T07:42:03.393Z"}
{"hasErrorOutput":true,"hasPrompt":false,"level":"info","message":"IT Unified Support Request","requestType":"log_analysis","service":"techsapo-it-unified","systemContext":"Web server with non-standard port configuration under strict SELinux","timestamp":"2025-08-27T07:42:22.916Z"}
{"hasLogAnalysis":true,"hasTechnicalSupport":false,"level":"info","message":"IT Unified Support completed","processingTimeMs":2,"requestType":"log_analysis","service":"techsapo-it-unified","timestamp":"2025-08-27T07:42:22.918Z"}
{"hasErrorOutput":true,"hasPrompt":false,"level":"info","message":"IT Unified Support Request","requestType":"log_analysis","service":"techsapo-it-unified","systemContext":"systemd socket activation conflict with service direct binding","timestamp":"2025-08-27T07:44:18.972Z"}
{"hasLogAnalysis":true,"hasTechnicalSupport":false,"level":"info","message":"IT Unified Support completed","processingTimeMs":1,"requestType":"log_analysis","service":"techsapo-it-unified","timestamp":"2025-08-27T07:44:18.973Z"}
{"hasErrorOutput":true,"hasPrompt":false,"level":"info","message":"IT Unified Support Request","requestType":"log_analysis","service":"techsapo-it-unified","systemContext":"Docker networking namespace and iptables conflicts on multi-container host","timestamp":"2025-08-27T07:47:43.237Z"}
{"hasLogAnalysis":true,"hasTechnicalSupport":false,"level":"info","message":"IT Unified Support completed","processingTimeMs":1,"requestType":"log_analysis","service":"techsapo-it-unified","timestamp":"2025-08-27T07:47:43.239Z"}
{"hasErrorOutput":true,"hasPrompt":false,"level":"info","message":"IT Unified Support Request","requestType":"log_analysis","service":"techsapo-it-unified","systemContext":"High-memory PostgreSQL server with NUMA topology conflicts","timestamp":"2025-08-27T07:50:05.113Z"}
{"hasLogAnalysis":true,"hasTechnicalSupport":false,"level":"info","message":"IT Unified Support completed","processingTimeMs":1,"requestType":"log_analysis","service":"techsapo-it-unified","timestamp":"2025-08-27T07:50:05.114Z"}
{"hasErrorOutput":true,"hasPrompt":false,"level":"info","message":"IT Unified Support Request","requestType":"log_analysis","service":"techsapo-it-unified","systemContext":"NVIDIA GPU cluster with kernel module version mismatch after system update","timestamp":"2025-08-27T07:51:38.280Z"}
{"hasLogAnalysis":true,"hasTechnicalSupport":false,"level":"info","message":"IT Unified Support completed","processingTimeMs":1,"requestType":"log_analysis","service":"techsapo-it-unified","timestamp":"2025-08-27T07:51:38.281Z"}
{"hasErrorOutput":true,"hasPrompt":false,"level":"info","message":"IT Unified Support Request","requestType":"log_analysis","service":"techsapo-it-unified","systemContext":"PHP-FPM socket path conflicts with nginx configuration after system upgrade","timestamp":"2025-08-27T07:55:10.636Z"}
{"hasLogAnalysis":true,"hasTechnicalSupport":false,"level":"info","message":"IT Unified Support completed","processingTimeMs":1,"requestType":"log_analysis","service":"techsapo-it-unified","timestamp":"2025-08-27T07:55:10.637Z"}
{"hasErrorOutput":true,"hasPrompt":false,"level":"info","message":"IT Unified Support Request","requestType":"log_analysis","service":"techsapo-it-unified","systemContext":"Kubernetes cluster DNS resolution circular dependency preventing node registration","timestamp":"2025-08-27T07:55:36.861Z"}
{"hasLogAnalysis":true,"hasTechnicalSupport":false,"level":"info","message":"IT Unified Support completed","processingTimeMs":2,"requestType":"log_analysis","service":"techsapo-it-unified","timestamp":"2025-08-27T07:55:36.862Z"}
{"hasErrorOutput":true,"hasPrompt":false,"level":"info","message":"IT Unified Support Request","requestType":"log_analysis","service":"techsapo-it-unified","systemContext":"PostgreSQL WAL corruption after unclean shutdown during power failure","timestamp":"2025-08-27T07:56:07.727Z"}
{"hasLogAnalysis":true,"hasTechnicalSupport":false,"level":"info","message":"IT Unified Support completed","processingTimeMs":2,"requestType":"log_analysis","service":"techsapo-it-unified","timestamp":"2025-08-27T07:56:07.729Z"}
{"hasErrorOutput":true,"hasPrompt":false,"level":"info","message":"IT Unified Support Request","requestType":"log_analysis","service":"techsapo-it-unified","systemContext":"DNS resolver conflicts between systemd-resolved, NetworkManager dnsmasq, and custom DNS","timestamp":"2025-08-27T07:56:32.588Z"}
{"hasLogAnalysis":true,"hasTechnicalSupport":false,"level":"info","message":"IT Unified Support completed","processingTimeMs":1,"requestType":"log_analysis","service":"techsapo-it-unified","timestamp":"2025-08-27T07:56:32.589Z"}
{"hasErrorOutput":true,"hasPrompt":false,"level":"info","message":"IT Unified Support Request","requestType":"log_analysis","service":"techsapo-it-unified","systemContext":"iptables legacy/nftables mixed mode conflicts preventing firewall startup","timestamp":"2025-08-27T07:56:58.672Z"}
{"hasLogAnalysis":true,"hasTechnicalSupport":false,"level":"info","message":"IT Unified Support completed","processingTimeMs":0,"requestType":"log_analysis","service":"techsapo-it-unified","timestamp":"2025-08-27T07:56:58.672Z"}
{"hasErrorOutput":true,"hasPrompt":false,"level":"info","message":"IT Unified Support Request","requestType":"log_analysis","service":"techsapo-it-unified","systemContext":"MongoDB in systemd cgroup v2 with memory constraints conflicting with THP and swap accounting","timestamp":"2025-08-27T07:59:57.679Z"}
{"hasLogAnalysis":true,"hasTechnicalSupport":false,"level":"info","message":"IT Unified Support completed","processingTimeMs":1,"requestType":"log_analysis","service":"techsapo-it-unified","timestamp":"2025-08-27T07:59:57.680Z"}
{"hasErrorOutput":true,"hasPrompt":false,"level":"info","message":"IT Unified Support Request","requestType":"log_analysis","service":"techsapo-it-unified","systemContext":"Enterprise server with Intel AMT/vPro causing KVM virtualization conflicts","timestamp":"2025-08-27T08:03:24.699Z"}
{"hasLogAnalysis":true,"hasTechnicalSupport":false,"level":"info","message":"IT Unified Support completed","processingTimeMs":1,"requestType":"log_analysis","service":"techsapo-it-unified","timestamp":"2025-08-27T08:03:24.700Z"}
{"hasErrorOutput":true,"hasPrompt":false,"level":"info","message":"IT Unified Support Request","requestType":"log_analysis","service":"techsapo-it-unified","systemContext":"Kubernetes etcd cluster split-brain with backend quota exceeded and raft consensus failure","timestamp":"2025-08-27T08:07:15.735Z"}
{"hasLogAnalysis":true,"hasTechnicalSupport":false,"level":"info","message":"IT Unified Support completed","processingTimeMs":1,"requestType":"log_analysis","service":"techsapo-it-unified","timestamp":"2025-08-27T08:07:15.736Z"}
{"hasErrorOutput":true,"hasPrompt":false,"level":"info","message":"IT Unified Support Request","requestType":"log_analysis","service":"techsapo-it-unified","systemContext":"Ceph distributed storage cluster with BlueStore corruption and Paxos consensus failures","timestamp":"2025-08-27T08:07:15.755Z"}
{"hasLogAnalysis":true,"hasTechnicalSupport":false,"level":"info","message":"IT Unified Support completed","processingTimeMs":2,"requestType":"log_analysis","service":"techsapo-it-unified","timestamp":"2025-08-27T08:07:15.757Z"}
{"hasErrorOutput":true,"hasPrompt":false,"level":"info","message":"IT Unified Support Request","requestType":"log_analysis","service":"techsapo-it-unified","systemContext":"Timing synchronization failure","timestamp":"2025-08-27T08:08:08.561Z"}
{"hasLogAnalysis":true,"hasTechnicalSupport":false,"level":"info","message":"IT Unified Support completed","processingTimeMs":1,"requestType":"log_analysis","service":"techsapo-it-unified","timestamp":"2025-08-27T08:08:08.562Z"}
{"hasErrorOutput":true,"hasPrompt":false,"level":"info","message":"IT Unified Support Request","service":"techsapo-it-unified","systemContext":"Production file server with NVMe storage array","timestamp":"2025-08-27T08:11:54.747Z"}
{"error":"Unsupported request type: undefined","level":"error","message":"IT Unified Support failed","requestBody":{"error_output":"mount: /data: wrong fs type, bad option, bad superblock on /dev/nvme0n1p3, missing codepage or helper program, or other error.\nkernel: [NVMe] nvme0n1: wear leveling failure detected at block 2097152\nkernel: [XFS] Filesystem has duplicate UUID 12345678-1234-5678-9abc-123456789abc - cannot mount\nkernel: [NVMe] TRIM command failed: status=0x2 additi0x280\nkernel: [XFS] journal recovery failed: error -74\nkernel: [NVMe] Controller fatal status: CC.EN=0, CSTS.CFS=1, CAP=0x2fb4f0f03\nkernel: [XFS] log mount/recovery failed: error -74","system_context":"Production file server with NVMe storage array","user_command":"mount /dev/nvme0n1p3 /data"},"service":"techsapo-it-unified","stack":"Error: Unsupported request type: undefined\n    at /ai/prj/techsapo/dist/routes/it-unified.js:66:23\n    at Layer.handle [as handle_request] (/ai/prj/techsapo/node_modules/express/lib/router/layer.js:95:5)\n    at next (/ai/prj/techsapo/node_modules/express/lib/router/route.js:149:13)\n    at Route.dispatch (/ai/prj/techsapo/node_modules/express/lib/router/route.js:119:3)\n    at Layer.handle [as handle_request] (/ai/prj/techsapo/node_modules/express/lib/router/layer.js:95:5)\n    at /ai/prj/techsapo/node_modules/express/lib/router/index.js:284:15\n    at Function.process_params (/ai/prj/techsapo/node_modules/express/lib/router/index.js:346:12)\n    at next (/ai/prj/techsapo/node_modules/express/lib/router/index.js:280:10)\n    at Function.handle (/ai/prj/techsapo/node_modules/express/lib/router/index.js:175:3)\n    at router (/ai/prj/techsapo/node_modules/express/lib/router/index.js:47:12)","timestamp":"2025-08-27T08:11:54.747Z"}
{"hasErrorOutput":true,"hasPrompt":false,"level":"info","message":"IT Unified Support Request","service":"techsapo-it-unified","systemContext":"Production file server with NVMe storage array","timestamp":"2025-08-27T08:13:22.026Z"}
{"error":"Unsupported request type: undefined","level":"error","message":"IT Unified Support failed","requestBody":{"error_output":"mount: /data: wrong fs type, bad option, bad superblock on /dev/nvme0n1p3. kernel: [NVMe] nvme0n1: wear leveling failure detected at block 2097152. kernel: [XFS] Filesystem has duplicate UUID - cannot mount. kernel: [NVMe] TRIM command failed: status=0x2. kernel: [XFS] journal recovery failed: error -74","system_context":"Production file server with NVMe storage array","user_command":"mount /dev/nvme0n1p3 /data"},"service":"techsapo-it-unified","stack":"Error: Unsupported request type: undefined\n    at /ai/prj/techsapo/dist/routes/it-unified.js:66:23\n    at Layer.handle [as handle_request] (/ai/prj/techsapo/node_modules/express/lib/router/layer.js:95:5)\n    at next (/ai/prj/techsapo/node_modules/express/lib/router/route.js:149:13)\n    at Route.dispatch (/ai/prj/techsapo/node_modules/express/lib/router/route.js:119:3)\n    at Layer.handle [as handle_request] (/ai/prj/techsapo/node_modules/express/lib/router/layer.js:95:5)\n    at /ai/prj/techsapo/node_modules/express/lib/router/index.js:284:15\n    at Function.process_params (/ai/prj/techsapo/node_modules/express/lib/router/index.js:346:12)\n    at next (/ai/prj/techsapo/node_modules/express/lib/router/index.js:280:10)\n    at Function.handle (/ai/prj/techsapo/node_modules/express/lib/router/index.js:175:3)\n    at router (/ai/prj/techsapo/node_modules/express/lib/router/index.js:47:12)","timestamp":"2025-08-27T08:13:22.026Z"}
{"hasErrorOutput":true,"hasPrompt":false,"level":"info","message":"IT Unified Support Request","service":"techsapo-it-unified","systemContext":"Production file server with NVMe storage array","timestamp":"2025-08-27T09:02:30.446Z"}
{"level":"info","message":"🔄 Auto-detected as log_analysis - Wall-bounce analysis will be applied","service":"techsapo-it-unified","timestamp":"2025-08-27T09:02:30.448Z"}
{"detectedType":"log_analysis","level":"info","message":"🎯 Request type auto-detected","service":"techsapo-it-unified","timestamp":"2025-08-27T09:02:30.448Z"}
{"hasLogAnalysis":true,"hasTechnicalSupport":false,"level":"info","message":"IT Unified Support completed","processingTimeMs":11,"requestType":"log_analysis","service":"techsapo-it-unified","timestamp":"2025-08-27T09:02:30.457Z"}
{"hasErrorOutput":true,"hasPrompt":false,"level":"info","message":"IT Unified Support Request","service":"techsapo-it-unified","systemContext":"Kubernetes etcd cluster split-brain with backend quota exceeded","timestamp":"2025-08-27T09:02:47.915Z"}
{"level":"info","message":"🔄 Auto-detected as log_analysis - Wall-bounce analysis will be applied","service":"techsapo-it-unified","timestamp":"2025-08-27T09:02:47.915Z"}
{"detectedType":"log_analysis","level":"info","message":"🎯 Request type auto-detected","service":"techsapo-it-unified","timestamp":"2025-08-27T09:02:47.915Z"}
{"hasLogAnalysis":true,"hasTechnicalSupport":false,"level":"info","message":"IT Unified Support completed","processingTimeMs":3,"requestType":"log_analysis","service":"techsapo-it-unified","timestamp":"2025-08-27T09:02:47.918Z"}
{"hasErrorOutput":true,"hasPrompt":false,"level":"info","message":"IT Unified Support Request","service":"techsapo-it-unified","systemContext":"Web server startup","timestamp":"2025-08-27T09:16:44.502Z"}
{"level":"info","message":"🔄 Auto-detected as log_analysis - Wall-bounce analysis will be applied","service":"techsapo-it-unified","timestamp":"2025-08-27T09:16:44.502Z"}
{"detectedType":"log_analysis","level":"info","message":"🎯 Request type auto-detected","service":"techsapo-it-unified","timestamp":"2025-08-27T09:16:44.502Z"}
{"hasLogAnalysis":true,"hasTechnicalSupport":false,"level":"info","message":"IT Unified Support completed","processingTimeMs":1,"requestType":"log_analysis","service":"techsapo-it-unified","timestamp":"2025-08-27T09:16:44.503Z"}
{"hasErrorOutput":false,"hasPrompt":true,"level":"info","message":"IT Unified Support Request","service":"techsapo-it-unified","taskType":"basic","timestamp":"2025-08-27T09:16:59.977Z"}
{"level":"info","message":"💡 Auto-detected as technical_support","service":"techsapo-it-unified","timestamp":"2025-08-27T09:16:59.977Z"}
{"detectedType":"technical_support","level":"info","message":"🎯 Request type auto-detected","service":"techsapo-it-unified","timestamp":"2025-08-27T09:16:59.978Z"}
{"hasLogAnalysis":false,"hasTechnicalSupport":true,"level":"info","message":"IT Unified Support completed","processingTimeMs":2,"requestType":"technical_support","service":"techsapo-it-unified","timestamp":"2025-08-27T09:16:59.979Z"}
